app/build/intermediates/manifest_merge_blame_file/debug/manifest-merger-blame-debug-report.txt
1<?xml version="1.0" encoding="utf-8"?>
2<manifest xmlns:android="http://schemas.android.com/apk/res/android"
3    package="com.example.a7minuteworkout"
4    android:versionCode="1"
5    android:versionName="1.0" >
6
7    <uses-sdk
8        android:minSdkVersion="21"
8-->src\main\AndroidManifest.xml
9        android:targetSdkVersion="30" />
9-->src\main\AndroidManifest.xml
10
11    <application
11-->src\main\AndroidManifest.xml:5:5-39:19
12        android:allowBackup="true"
12-->src\main\AndroidManifest.xml:6:9-35
13        android:appComponentFactory="androidx.core.app.CoreComponentFactory"
13-->[androidx.core:core:1.3.0] AndroidManifest.xml:24:18-86
14        android:debuggable="true"
15        android:icon="@mipmap/ic_launcher"
15-->src\main\AndroidManifest.xml:7:9-43
16        android:label="@string/app_name"
16-->src\main\AndroidManifest.xml:8:9-41
17        android:roundIcon="@mipmap/ic_launcher_round"
17-->src\main\AndroidManifest.xml:9:9-54
18        android:supportsRtl="true"
18-->src\main\AndroidManifest.xml:10:9-35
19        android:theme="@style/AppTheme" >
19-->src\main\AndroidManifest.xml:11:9-40
20        <activity
20-->src\main\AndroidManifest.xml:12:9-15:72
21            android:name="com.example.a7minuteworkout.HistoryActivity"
21-->src\main\AndroidManifest.xml:13:13-44
22            android:screenOrientation="portrait"
22-->src\main\AndroidManifest.xml:14:13-49
23            android:theme="@style/Theme.AppCompat.Light.NoActionBar" />
23-->src\main\AndroidManifest.xml:15:13-69
24        <activity
24-->src\main\AndroidManifest.xml:16:9-20:72
25            android:name="com.example.a7minuteworkout.BMIActivity"
25-->src\main\AndroidManifest.xml:17:13-40
26            android:screenOrientation="portrait"
26-->src\main\AndroidManifest.xml:18:13-49
27            android:theme="@style/Theme.AppCompat.Light.NoActionBar"
27-->src\main\AndroidManifest.xml:20:13-69
28            android:windowSoftInputMode="stateVisible|adjustResize" />
28-->src\main\AndroidManifest.xml:19:13-68
29        <activity
29-->src\main\AndroidManifest.xml:21:9-24:72
30            android:name="com.example.a7minuteworkout.FinishActivity"
30-->src\main\AndroidManifest.xml:22:13-43
31            android:screenOrientation="portrait"
31-->src\main\AndroidManifest.xml:23:13-49
32            android:theme="@style/Theme.AppCompat.Light.NoActionBar" />
32-->src\main\AndroidManifest.xml:24:13-69
33        <activity
33-->src\main\AndroidManifest.xml:25:9-28:72
34            android:name="com.example.a7minuteworkout.ExcersiceActivity"
34-->src\main\AndroidManifest.xml:26:13-46
35            android:screenOrientation="portrait"
35-->src\main\AndroidManifest.xml:27:13-49
36            android:theme="@style/Theme.AppCompat.Light.NoActionBar" />
36-->src\main\AndroidManifest.xml:28:13-69
37        <activity
37-->src\main\AndroidManifest.xml:29:9-38:20
38            android:name="com.example.a7minuteworkout.MainActivity"
38-->src\main\AndroidManifest.xml:30:13-41
39            android:screenOrientation="portrait"
39-->src\main\AndroidManifest.xml:31:13-49
40            android:theme="@style/Theme.AppCompat.Light.NoActionBar" >
40-->src\main\AndroidManifest.xml:32:13-69
41            <intent-filter>
41-->src\main\AndroidManifest.xml:33:13-37:29
42                <action android:name="android.intent.action.MAIN" />
42-->src\main\AndroidManifest.xml:34:17-69
42-->src\main\AndroidManifest.xml:34:25-66
43
44                <category android:name="android.intent.category.LAUNCHER" />
44-->src\main\AndroidManifest.xml:36:17-77
44-->src\main\AndroidManifest.xml:36:27-74
45            </intent-filter>
46        </activity>
47    </application>
48
49</manifest>